autoscan: warning: missing AC_CHECK_FUNCS([memset]) wanted by: 
	src/main.c:47
	src/main.c:125
autoscan: warning: missing AC_CHECK_HEADERS([stdlib.h]) wanted by: 
	src/forest.c:1
	src/list.c:1
	src/stack.c:1
	src/disjoint_set.c:1
	src/main.c:4
	src/binomial_heap.c:4
autoscan: warning: missing AC_CHECK_HEADERS([string.h]) wanted by: 
	src/stack.c:2
	src/disjoint_set.c:2
	src/main.c:5
autoscan: warning: missing AC_C_INLINE wanted by: 
	src/stack.h:8
	src/stack.h:9
	src/stack.h:10
	src/stack.h:11
	src/stack.h:12
	src/forest.c:5
	src/forest.c:24
	src/forest.c:30
	src/disjoint_set.h:9
	src/disjoint_set.h:10
	src/disjoint_set.h:11
	src/disjoint_set.h:12
	src/disjoint_set.h:13
	src/forest.h:19
	src/forest.h:20
	src/forest.h:21
	src/forest.h:22
	src/forest.h:23
	src/forest.h:24
	src/forest.h:25
	src/list.c:9
	src/list.c:15
	src/list.c:20
	src/list.c:30
	src/list.c:41
	src/list.c:46
	src/stack.c:10
	src/stack.c:16
	src/stack.c:22
	src/stack.c:34
	src/stack.c:49
	src/binomial_heap.h:18
	src/binomial_heap.h:19
	src/binomial_heap.h:20
	src/binomial_heap.h:21
	src/binomial_heap.h:22
	src/binomial_heap.h:26
	src/disjoint_set.c:23
	src/disjoint_set.c:29
	src/disjoint_set.c:63
	src/list.h:11
	src/list.h:12
	src/list.h:13
	src/list.h:14
	src/list.h:15
	src/list.h:16
	src/binomial_heap.c:23
	src/binomial_heap.c:29
	src/binomial_heap.c:39
	src/binomial_heap.c:53
	src/binomial_heap.c:59
	src/binomial_heap.c:257
autoscan: warning: missing AC_FUNC_MALLOC wanted by: 
	src/forest.c:38
	src/list.c:23
	src/stack.c:42
	src/disjoint_set.c:15
	src/main.c:43
	src/main.c:44
	src/main.c:45
	src/main.c:46
	src/main.c:124
	src/main.c:168
	src/main.c:220
	src/binomial_heap.c:183
	src/binomial_heap.c:184
