This file contains any messages produced by compilers while
running configure, to aid debugging if configure makes a mistake.

It was created by pal3 configure 0.1, which was
generated by GNU Autoconf 2.64.  Invocation command line was

  $ ./configure --no-create --no-recursion

## --------- ##
## Platform. ##
## --------- ##

hostname = zeus
uname -m = i686
uname -r = 2.6.31-16-generic
uname -s = Linux
uname -v = #53-Ubuntu SMP Tue Dec 8 04:01:29 UTC 2009

/usr/bin/uname -p = unknown
/bin/uname -X     = unknown

/bin/arch              = unknown
/usr/bin/arch -k       = unknown
/usr/convex/getsysinfo = unknown
/usr/bin/hostinfo      = unknown
/bin/machine           = unknown
/usr/bin/oslevel       = unknown
/bin/universe          = unknown

PATH: /usr/local/sbin
PATH: /usr/local/bin
PATH: /usr/sbin
PATH: /usr/bin
PATH: /sbin
PATH: /bin
PATH: /usr/games


## ----------- ##
## Core tests. ##
## ----------- ##

configure:2143: checking for a BSD-compatible install
configure:2211: result: /usr/bin/install -c
configure:2222: checking whether build environment is sane
configure:2272: result: yes
configure:2413: checking for a thread-safe mkdir -p
configure:2452: result: /bin/mkdir -p
configure:2465: checking for gawk
configure:2481: found /usr/bin/gawk
configure:2492: result: gawk
configure:2503: checking whether make sets $(MAKE)
configure:2525: result: yes
configure:2660: checking for gcc
configure:2676: found /usr/bin/gcc
configure:2687: result: gcc
configure:2916: checking for C compiler version
configure:2925: gcc --version >&5
gcc (Ubuntu 4.4.1-4ubuntu8) 4.4.1
Copyright (C) 2009 Free Software Foundation, Inc.
This is free software; see the source for copying conditions.  There is NO
warranty; not even for MERCHANTABILITY or FITNESS FOR A PARTICULAR PURPOSE.

configure:2936: $? = 0
configure:2925: gcc -v >&5
Using built-in specs.
Target: i486-linux-gnu
Configured with: ../src/configure -v --with-pkgversion='Ubuntu 4.4.1-4ubuntu8' --with-bugurl=file:///usr/share/doc/gcc-4.4/README.Bugs --enable-languages=c,c++,fortran,objc,obj-c++ --prefix=/usr --enable-shared --enable-multiarch --enable-linker-build-id --with-system-zlib --libexecdir=/usr/lib --without-included-gettext --enable-threads=posix --with-gxx-include-dir=/usr/include/c++/4.4 --program-suffix=-4.4 --enable-nls --enable-clocale=gnu --enable-libstdcxx-debug --enable-objc-gc --enable-targets=all --disable-werror --with-arch-32=i486 --with-tune=generic --enable-checking=release --build=i486-linux-gnu --host=i486-linux-gnu --target=i486-linux-gnu
Thread model: posix
gcc version 4.4.1 (Ubuntu 4.4.1-4ubuntu8) 
configure:2936: $? = 0
configure:2925: gcc -V >&5
gcc: '-V' option must have argument
configure:2936: $? = 1
configure:2925: gcc -qversion >&5
gcc: unrecognized option '-qversion'
gcc: no input files
configure:2936: $? = 1
configure:2958: checking for C compiler default output file name
configure:2980: gcc    conftest.c  >&5
configure:2984: $? = 0
configure:3021: result: a.out
configure:3037: checking whether the C compiler works
configure:3046: ./a.out
configure:3050: $? = 0
configure:3065: result: yes
configure:3072: checking whether we are cross compiling
configure:3074: result: no
configure:3077: checking for suffix of executables
configure:3084: gcc -o conftest    conftest.c  >&5
configure:3088: $? = 0
configure:3110: result: 
configure:3116: checking for suffix of object files
configure:3138: gcc -c   conftest.c >&5
configure:3142: $? = 0
configure:3163: result: o
configure:3167: checking whether we are using the GNU C compiler
configure:3186: gcc -c   conftest.c >&5
configure:3186: $? = 0
configure:3195: result: yes
configure:3204: checking whether gcc accepts -g
configure:3224: gcc -c -g  conftest.c >&5
configure:3224: $? = 0
configure:3265: result: yes
configure:3282: checking for gcc option to accept ISO C89
configure:3346: gcc  -c -g -O2  conftest.c >&5
configure:3346: $? = 0
configure:3359: result: none needed
configure:3390: checking for style of include used by make
configure:3418: result: GNU
configure:3443: checking dependency style of gcc
configure:3553: result: gcc3
configure:3575: checking how to run the C preprocessor
configure:3606: gcc -E  conftest.c
configure:3606: $? = 0
configure:3620: gcc -E  conftest.c
conftest.c:11:28: error: ac_nonexistent.h: No such file or directory
configure:3620: $? = 1
configure: failed program was:
| /* confdefs.h */
| #define PACKAGE_NAME "pal3"
| #define PACKAGE_TARNAME "pal3"
| #define PACKAGE_VERSION "0.1"
| #define PACKAGE_STRING "pal3 0.1"
| #define PACKAGE_BUGREPORT "info@milde.cz"
| #define PACKAGE_URL ""
| #define PACKAGE "pal3"
| #define VERSION "0.1"
| /* end confdefs.h.  */
| #include <ac_nonexistent.h>
configure:3645: result: gcc -E
configure:3665: gcc -E  conftest.c
configure:3665: $? = 0
configure:3679: gcc -E  conftest.c
conftest.c:11:28: error: ac_nonexistent.h: No such file or directory
configure:3679: $? = 1
configure: failed program was:
| /* confdefs.h */
| #define PACKAGE_NAME "pal3"
| #define PACKAGE_TARNAME "pal3"
| #define PACKAGE_VERSION "0.1"
| #define PACKAGE_STRING "pal3 0.1"
| #define PACKAGE_BUGREPORT "info@milde.cz"
| #define PACKAGE_URL ""
| #define PACKAGE "pal3"
| #define VERSION "0.1"
| /* end confdefs.h.  */
| #include <ac_nonexistent.h>
configure:3708: checking for grep that handles long lines and -e
configure:3766: result: /bin/grep
configure:3771: checking for egrep
configure:3833: result: /bin/grep -E
configure:3838: checking for ANSI C header files
configure:3858: gcc -c -g -O2  conftest.c >&5
configure:3858: $? = 0
configure:3931: gcc -o conftest -g -O2   conftest.c  >&5
configure:3931: $? = 0
configure:3931: ./conftest
configure:3931: $? = 0
configure:3942: result: yes
configure:3955: checking for sys/types.h
configure:3955: gcc -c -g -O2  conftest.c >&5
configure:3955: $? = 0
configure:3955: result: yes
configure:3955: checking for sys/stat.h
configure:3955: gcc -c -g -O2  conftest.c >&5
configure:3955: $? = 0
configure:3955: result: yes
configure:3955: checking for stdlib.h
configure:3955: gcc -c -g -O2  conftest.c >&5
configure:3955: $? = 0
configure:3955: result: yes
configure:3955: checking for string.h
configure:3955: gcc -c -g -O2  conftest.c >&5
configure:3955: $? = 0
configure:3955: result: yes
configure:3955: checking for memory.h
configure:3955: gcc -c -g -O2  conftest.c >&5
configure:3955: $? = 0
configure:3955: result: yes
configure:3955: checking for strings.h
configure:3955: gcc -c -g -O2  conftest.c >&5
configure:3955: $? = 0
configure:3955: result: yes
configure:3955: checking for inttypes.h
configure:3955: gcc -c -g -O2  conftest.c >&5
configure:3955: $? = 0
configure:3955: result: yes
configure:3955: checking for stdint.h
configure:3955: gcc -c -g -O2  conftest.c >&5
configure:3955: $? = 0
configure:3955: result: yes
configure:3955: checking for unistd.h
configure:3955: gcc -c -g -O2  conftest.c >&5
configure:3955: $? = 0
configure:3955: result: yes
configure:3971: checking for stdlib.h
configure:3971: result: yes
configure:3971: checking for string.h
configure:3971: result: yes
configure:3984: checking for inline
configure:4000: gcc -c -g -O2  conftest.c >&5
configure:4000: $? = 0
configure:4008: result: inline
configure:4030: checking for stdlib.h
configure:4030: result: yes
configure:4040: checking for GNU libc compatible malloc
configure:4064: gcc -o conftest -g -O2   conftest.c  >&5
configure:4064: $? = 0
configure:4064: ./conftest
configure:4064: $? = 0
configure:4074: result: yes
configure:4097: checking for memset
configure:4097: gcc -o conftest -g -O2   conftest.c  >&5
conftest.c:48: warning: conflicting types for built-in function 'memset'
configure:4097: $? = 0
configure:4097: result: yes
configure:4228: creating ./config.status

## ---------------- ##
## Cache variables. ##
## ---------------- ##

ac_cv_c_compiler_gnu=yes
ac_cv_c_inline=inline
ac_cv_env_CC_set=
ac_cv_env_CC_value=
ac_cv_env_CFLAGS_set=
ac_cv_env_CFLAGS_value=
ac_cv_env_CPPFLAGS_set=
ac_cv_env_CPPFLAGS_value=
ac_cv_env_CPP_set=
ac_cv_env_CPP_value=
ac_cv_env_LDFLAGS_set=
ac_cv_env_LDFLAGS_value=
ac_cv_env_LIBS_set=
ac_cv_env_LIBS_value=
ac_cv_env_build_alias_set=
ac_cv_env_build_alias_value=
ac_cv_env_host_alias_set=
ac_cv_env_host_alias_value=
ac_cv_env_target_alias_set=
ac_cv_env_target_alias_value=
ac_cv_func_malloc_0_nonnull=yes
ac_cv_func_memset=yes
ac_cv_header_inttypes_h=yes
ac_cv_header_memory_h=yes
ac_cv_header_stdc=yes
ac_cv_header_stdint_h=yes
ac_cv_header_stdlib_h=yes
ac_cv_header_string_h=yes
ac_cv_header_strings_h=yes
ac_cv_header_sys_stat_h=yes
ac_cv_header_sys_types_h=yes
ac_cv_header_unistd_h=yes
ac_cv_objext=o
ac_cv_path_EGREP='/bin/grep -E'
ac_cv_path_GREP=/bin/grep
ac_cv_path_install='/usr/bin/install -c'
ac_cv_path_mkdir=/bin/mkdir
ac_cv_prog_AWK=gawk
ac_cv_prog_CPP='gcc -E'
ac_cv_prog_ac_ct_CC=gcc
ac_cv_prog_cc_c89=
ac_cv_prog_cc_g=yes
ac_cv_prog_make_make_set=yes
am_cv_CC_dependencies_compiler_type=gcc3

## ----------------- ##
## Output variables. ##
## ----------------- ##

ACLOCAL='${SHELL} /home/dundee/Documents/OI/pal/uloha3/missing --run aclocal-1.11'
AMDEPBACKSLASH='\'
AMDEP_FALSE='#'
AMDEP_TRUE=''
AMTAR='${SHELL} /home/dundee/Documents/OI/pal/uloha3/missing --run tar'
AUTOCONF='${SHELL} /home/dundee/Documents/OI/pal/uloha3/missing --run autoconf'
AUTOHEADER='${SHELL} /home/dundee/Documents/OI/pal/uloha3/missing --run autoheader'
AUTOMAKE='${SHELL} /home/dundee/Documents/OI/pal/uloha3/missing --run automake-1.11'
AWK='gawk'
CC='gcc'
CCDEPMODE='depmode=gcc3'
CFLAGS='-g -O2'
CPP='gcc -E'
CPPFLAGS=''
CYGPATH_W='echo'
DEFS='-DHAVE_CONFIG_H'
DEPDIR='.deps'
ECHO_C=''
ECHO_N='-n'
ECHO_T=''
EGREP='/bin/grep -E'
EXEEXT=''
GREP='/bin/grep'
INSTALL_DATA='${INSTALL} -m 644'
INSTALL_PROGRAM='${INSTALL}'
INSTALL_SCRIPT='${INSTALL}'
INSTALL_STRIP_PROGRAM='$(install_sh) -c -s'
LDFLAGS=''
LIBOBJS=''
LIBS=''
LTLIBOBJS=''
MAKEINFO='${SHELL} /home/dundee/Documents/OI/pal/uloha3/missing --run makeinfo'
MKDIR_P='/bin/mkdir -p'
OBJEXT='o'
PACKAGE='pal3'
PACKAGE_BUGREPORT='info@milde.cz'
PACKAGE_NAME='pal3'
PACKAGE_STRING='pal3 0.1'
PACKAGE_TARNAME='pal3'
PACKAGE_URL=''
PACKAGE_VERSION='0.1'
PATH_SEPARATOR=':'
SET_MAKE=''
SHELL='/bin/bash'
STRIP=''
VERSION='0.1'
ac_ct_CC='gcc'
am__EXEEXT_FALSE=''
am__EXEEXT_TRUE='#'
am__fastdepCC_FALSE='#'
am__fastdepCC_TRUE=''
am__include='include'
am__isrc=''
am__leading_dot='.'
am__quote=''
am__tar='${AMTAR} chof - "$$tardir"'
am__untar='${AMTAR} xf -'
bindir='${exec_prefix}/bin'
build_alias=''
datadir='${datarootdir}'
datarootdir='${prefix}/share'
docdir='${datarootdir}/doc/${PACKAGE_TARNAME}'
dvidir='${docdir}'
exec_prefix='${prefix}'
host_alias=''
htmldir='${docdir}'
includedir='${prefix}/include'
infodir='${datarootdir}/info'
install_sh='${SHELL} /home/dundee/Documents/OI/pal/uloha3/install-sh'
libdir='${exec_prefix}/lib'
libexecdir='${exec_prefix}/libexec'
localedir='${datarootdir}/locale'
localstatedir='${prefix}/var'
mandir='${datarootdir}/man'
mkdir_p='/bin/mkdir -p'
oldincludedir='/usr/include'
pdfdir='${docdir}'
prefix='/usr/local'
program_transform_name='s,x,x,'
psdir='${docdir}'
sbindir='${exec_prefix}/sbin'
sharedstatedir='${prefix}/com'
sysconfdir='${prefix}/etc'
target_alias=''

## ----------- ##
## confdefs.h. ##
## ----------- ##

/* confdefs.h */
#define PACKAGE_NAME "pal3"
#define PACKAGE_TARNAME "pal3"
#define PACKAGE_VERSION "0.1"
#define PACKAGE_STRING "pal3 0.1"
#define PACKAGE_BUGREPORT "info@milde.cz"
#define PACKAGE_URL ""
#define PACKAGE "pal3"
#define VERSION "0.1"
#define STDC_HEADERS 1
#define HAVE_SYS_TYPES_H 1
#define HAVE_SYS_STAT_H 1
#define HAVE_STDLIB_H 1
#define HAVE_STRING_H 1
#define HAVE_MEMORY_H 1
#define HAVE_STRINGS_H 1
#define HAVE_INTTYPES_H 1
#define HAVE_STDINT_H 1
#define HAVE_UNISTD_H 1
#define HAVE_STDLIB_H 1
#define HAVE_STRING_H 1
#define HAVE_STDLIB_H 1
#define HAVE_MALLOC 1
#define HAVE_MEMSET 1

configure: exit 0

## ---------------------- ##
## Running config.status. ##
## ---------------------- ##

This file was extended by pal3 config.status 0.1, which was
generated by GNU Autoconf 2.64.  Invocation command line was

  CONFIG_FILES    = 
  CONFIG_HEADERS  = 
  CONFIG_LINKS    = 
  CONFIG_COMMANDS = 
  $ ./config.status 

on zeus

config.status:852: creating Makefile
config.status:852: creating src/Makefile
config.status:852: creating config.h
config.status:1024: config.h is unchanged
config.status:1072: executing depfiles commands

## ---------------------- ##
## Running config.status. ##
## ---------------------- ##

This file was extended by pal3 config.status 0.1, which was
generated by GNU Autoconf 2.64.  Invocation command line was

  CONFIG_FILES    = 
  CONFIG_HEADERS  = 
  CONFIG_LINKS    = 
  CONFIG_COMMANDS = 
  $ ./config.status config.h

on zeus

config.status:852: creating config.h
